\BOOKMARK [0][-]{chapter.1}{Uvod}{}% 1
\BOOKMARK [0][-]{chapter.2}{Genetsko programiranje}{}% 2
\BOOKMARK [1][-]{section.2.1}{Genetsko programiranje}{chapter.2}% 3
\BOOKMARK [2][-]{subsection.2.1.1}{Jedinka populacije}{section.2.1}% 4
\BOOKMARK [2][-]{subsection.2.1.2}{Genetski operatori}{section.2.1}% 5
\BOOKMARK [2][-]{subsection.2.1.3}{Elitizam}{section.2.1}% 6
\BOOKMARK [2][-]{subsection.2.1.4}{Uvjet zaustavljanja}{section.2.1}% 7
\BOOKMARK [1][-]{section.2.2}{Kartezijsko genetsko programiranje}{chapter.2}% 8
\BOOKMARK [2][-]{subsection.2.2.1}{Genotip}{section.2.2}% 9
\BOOKMARK [2][-]{subsection.2.2.2}{Arhitektura}{section.2.2}% 10
\BOOKMARK [2][-]{subsection.2.2.3}{Evoluiranje}{section.2.2}% 11
\BOOKMARK [0][-]{chapter.3}{Konvolucija slike}{}% 12
\BOOKMARK [1][-]{section.3.1}{\227to je konvolucija}{chapter.3}% 13
\BOOKMARK [1][-]{section.3.2}{Jezgra konvolucije \(eng. Kernel\)}{chapter.3}% 14
\BOOKMARK [2][-]{subsection.3.2.1}{Rubne vrijednosti}{section.3.2}% 15
\BOOKMARK [1][-]{section.3.3}{Operacija konvolucije}{chapter.3}% 16
\BOOKMARK [1][-]{section.3.4}{Provedeni eksperimenti}{chapter.3}% 17
\BOOKMARK [2][-]{subsection.3.4.1}{Micanje \235uma}{section.3.4}% 18
\BOOKMARK [2][-]{subsection.3.4.2}{Detektiranje rubova \(eng. Edge detection\)}{section.3.4}% 19
\BOOKMARK [0][-]{chapter.4}{Generiranje podataka zadane raspodjele}{}% 20
\BOOKMARK [0][-]{chapter.5}{Zakljucak}{}% 21
\BOOKMARK [0][-]{chapter*.57}{Literatura}{}% 22
